<?xml version="1.0" encoding="UTF-8"?>
<testsuite name="org.nahuelrodriguez.openbankingapp.controller.TransactionControllerIntegrationTest" tests="1" skipped="0" failures="0" errors="0" timestamp="2021-03-07T21:01:05" hostname="MacBook-Pro-de-Nahuel.local" time="1.09">
  <properties/>
  <testcase name="TransactionComponentTest()" classname="org.nahuelrodriguez.openbankingapp.controller.TransactionControllerIntegrationTest" time="1.09"/>
  <system-out><![CDATA[18:01:05.739 [Test worker] DEBUG org.springframework.web.servlet.mvc.method.annotation.RequestMappingHandlerMapping - 1 mappings in <unknown>
18:01:05.889 [Test worker] DEBUG org.springframework.web.servlet.mvc.method.annotation.RequestMappingHandlerAdapter - ControllerAdvice beans: 0 @ModelAttribute, 0 @InitBinder, 1 RequestBodyAdvice, 1 ResponseBodyAdvice
18:01:05.914 [Test worker] DEBUG org.springframework.web.servlet.mvc.method.annotation.ExceptionHandlerExceptionResolver - ControllerAdvice beans: 0 @ExceptionHandler, 1 ResponseBodyAdvice
18:01:05.930 [Test worker] INFO org.springframework.mock.web.MockServletContext - Initializing Spring TestDispatcherServlet ''
18:01:05.930 [Test worker] INFO org.springframework.test.web.servlet.TestDispatcherServlet - Initializing Servlet ''
18:01:05.932 [Test worker] DEBUG org.springframework.test.web.servlet.TestDispatcherServlet - Detected AcceptHeaderLocaleResolver
18:01:05.932 [Test worker] DEBUG org.springframework.test.web.servlet.TestDispatcherServlet - Detected FixedThemeResolver
18:01:05.933 [Test worker] DEBUG org.springframework.test.web.servlet.TestDispatcherServlet - Detected org.springframework.web.servlet.view.DefaultRequestToViewNameTranslator@4e750b06
18:01:05.933 [Test worker] DEBUG org.springframework.test.web.servlet.TestDispatcherServlet - Detected org.springframework.web.servlet.support.SessionFlashMapManager@39a64c5c
18:01:05.933 [Test worker] DEBUG org.springframework.test.web.servlet.TestDispatcherServlet - enableLoggingRequestDetails='false': request parameters and headers will be masked to prevent unsafe logging of potentially sensitive data
18:01:05.933 [Test worker] INFO org.springframework.test.web.servlet.TestDispatcherServlet - Completed initialization in 3 ms
18:01:05.983 [Test worker] DEBUG org.springframework.test.web.servlet.TestDispatcherServlet - GET "/transactions/1234", parameters={}
18:01:05.987 [Test worker] DEBUG org.springframework.web.servlet.mvc.method.annotation.RequestMappingHandlerMapping - Mapped to org.nahuelrodriguez.openbankingapp.controller.TransactionController#getTransactions(String)
18:01:06.010 [Test worker] DEBUG org.springframework.web.servlet.mvc.method.annotation.RequestResponseBodyMethodProcessor - Using 'application/json', given [*/*] and supported [application/json]
18:01:06.023 [Test worker] DEBUG org.springframework.web.servlet.mvc.method.annotation.RequestResponseBodyMethodProcessor - Writing [[Transaction(type=null, date=null, accountNumber=1234, currency=null, amount=1500, merchantName=null (truncated)...]
18:01:06.051 [Test worker] DEBUG org.springframework.test.web.servlet.TestDispatcherServlet - Completed 200 OK
]]></system-out>
  <system-err><![CDATA[]]></system-err>
</testsuite>
